<?xml version="1.0" encoding="UTF-8"?>
<!-- Generated by org.testng.reporters.JUnitReportReporter -->
<testsuite hostname="Pranalis-MacBook-Pro.local" failures="0" tests="1" name="testScript.DriverScriptTest" time="12.311" errors="0" timestamp="16 Oct 2018 07:25:11 GMT" skipped="0">
  <testcase classname="testScript.DriverScriptTest" name="mainMethod" time="12.311"/>
</testsuite> <!-- testScript.DriverScriptTest -->
